{"uid":"59eba03ac14a6fa0","name":"Validate study inspection for nitrosamine residue verification details when new parameters are added","fullName":"tests.scenarios.configure_run_form_fields.test_configure_run_form_field.TestConfigureRunFormFieldsScenarios#test_validate_study_inspection_for_nitrosamine_residue_verification_details","historyId":"6f0e6e60bb7843fa0e2907f78dd6df25","time":{"start":1733046093193,"stop":1733046144427,"duration":51234},"description":"This test case test API to validate study inspection for nitrosamine residue verification details when new parameters are added using configure run form fields","descriptionHtml":"<p>This test case test API to validate study inspection for nitrosamine residue verification details when new parameters are added using configure run form fields</p>\n","status":"failed","statusMessage":"AssertionError: assert '659b4719-76bd-4f04-9745-9e70d3073269' in []","statusTrace":"self = <test_configure_run_form_field.TestConfigureRunFormFieldsScenarios object at 0x000002589CD73D90>\n\n    @allure.title(\"Validate study inspection for nitrosamine residue verification details when new parameters are \"\n                  \"added\")\n    @allure.description(\"This test case test API to validate study inspection for nitrosamine residue verification \"\n                        \"details when new parameters are added using configure run form fields\")\n    @allure.link(\"https://app.clickup.com/t/86cw4djh1\")\n    @pytest.mark.validate_study_inspection_for_nitrosamine_residue_verification_details\n    def test_validate_study_inspection_for_nitrosamine_residue_verification_details(self):\n        config_data = {\"configure_type\": \"nitrosamineResidueVerification\",\n                       \"configure_filed_name\": const.CONFIG_ADD_NEW_PARAMETER,\n                       \"inspection_name\": const.PROTOCOL_NITROSAMINE}\n    \n        cleaning_config_id, payload, payload_details, inspection_details, protocol_equipment, inspection_data = (\n>           self.configure_run_form_fields.update_retrieve_assert_config(config_data))\n\ntests\\scenarios\\configure_run_form_fields\\test_configure_run_form_field.py:191: \n_ _ _ _ _ _ _ _ _ _ _ _ _ _ _ _ _ _ _ _ _ _ _ _ _ _ _ _ _ _ _ _ _ _ _ _ _ _ _ _ _ _ _ _ _ _ _ _ _ _ _ _ _ _ _ _ _ _ _ _ _ _ _ _ _ _ _ _ _ _ _ _ _ _ _ _ _ _ _ _ _ _ _ _ _ _ _ _ _ _ _\ntests\\unit\\configure_run_form_field\\test_configure_run_form_fields.py:295: in update_retrieve_assert_config\n    self.get_configur_details(residue_config_id, inspection_verification_details)\n_ _ _ _ _ _ _ _ _ _ _ _ _ _ _ _ _ _ _ _ _ _ _ _ _ _ _ _ _ _ _ _ _ _ _ _ _ _ _ _ _ _ _ _ _ _ _ _ _ _ _ _ _ _ _ _ _ _ _ _ _ _ _ _ _ _ _ _ _ _ _ _ _ _ _ _ _ _ _ _ _ _ _ _ _ _ _ _ _ _ _\n\nconfigure_details = {'DATE': '659b4719-76bd-4f04-9745-9e70d3073269', 'DATE_TIME': '393f8239-5521-484d-ba63-992a7949477d', 'MULTI_LINE_TEXT': 'ff4ab5b0-0bcc-4cd6-949f-cbf82980c898', 'NUMBER': '9fda349e-784f-4ce4-9921-d1ab6d7387b6', ...}\ninspection_details = []\n\n    @staticmethod\n    def get_configur_details(configure_details, inspection_details):\n        for value, uu_id in configure_details.items():\n>           assert uu_id in inspection_details\nE           AssertionError: assert '659b4719-76bd-4f04-9745-9e70d3073269' in []\n\ntests\\unit\\configure_run_form_field\\test_configure_run_form_fields.py:249: AssertionError","flaky":false,"newFailed":false,"newBroken":false,"newPassed":false,"retriesCount":0,"retriesStatusChange":false,"beforeStages":[{"name":"login","time":{"start":1733045831267,"stop":1733045831537,"duration":270},"status":"passed","steps":[],"attachments":[],"parameters":[],"shouldDisplayMessage":false,"attachmentsCount":0,"stepsCount":0,"hasContent":false,"attachmentStep":false},{"name":"get_facility","time":{"start":1733045831537,"stop":1733045831677,"duration":140},"status":"passed","steps":[],"attachments":[],"parameters":[],"shouldDisplayMessage":false,"attachmentsCount":0,"stepsCount":0,"hasContent":false,"attachmentStep":false}],"afterStages":[],"labels":[{"name":"tag","value":"validate_study_inspection_for_nitrosamine_residue_verification_details"},{"name":"tag","value":"configure_run_form_fields_scenarios"},{"name":"tag","value":"scenario"},{"name":"parentSuite","value":"tests.scenarios.configure_run_form_fields"},{"name":"suite","value":"test_configure_run_form_field"},{"name":"subSuite","value":"TestConfigureRunFormFieldsScenarios"},{"name":"host","value":"DESKTOP-ESU2KLG"},{"name":"thread","value":"24432-MainThread"},{"name":"framework","value":"pytest"},{"name":"language","value":"cpython3"},{"name":"package","value":"tests.scenarios.configure_run_form_fields.test_configure_run_form_field"},{"name":"resultFormat","value":"allure2"}],"parameters":[],"links":[{"name":"https://app.clickup.com/t/86cw4djh1","url":"https://app.clickup.com/t/86cw4djh1","type":"link"}],"hidden":true,"retry":true,"extra":{"categories":[],"tags":["scenario","configure_run_form_fields_scenarios","validate_study_inspection_for_nitrosamine_residue_verification_details"]},"source":"59eba03ac14a6fa0.json","parameterValues":[]}